<?xml version="1.0" encoding="UTF-8"?>
<!-- Generated by org.testng.reporters.JUnitReportReporter -->
<testsuite hostname="HMECL000895" failures="0" tests="1" name="com.test.subscriptionManagementSystem" time="6.358" errors="0" timestamp="24 Apr 2019 12:46:21 GMT" skipped="0">
  <testcase classname="com.test.subscriptionManagementSystem" name="renewUserSubscription" time="6.358"/>
</testsuite> <!-- com.test.subscriptionManagementSystem -->
