<?xml version="1.0" encoding="UTF-8"?>
<!-- Generated by org.testng.reporters.JUnitReportReporter -->
<testsuite hostname="HMECL000895" failures="0" tests="1" name="com.test.UserSubscription" time="0.493" errors="0" timestamp="08 Apr 2019 06:43:34 GMT" skipped="0">
  <testcase classname="com.test.UserSubscription" name="CreateUserSubcription" time="0.493"/>
</testsuite> <!-- com.test.UserSubscription -->
