<?xml version="1.0" encoding="UTF-8"?>
<!-- Generated by org.testng.reporters.JUnitReportReporter -->
<testsuite hostname="HMECL000895" failures="0" tests="2" name="com.test.PackageList" time="1.675" errors="0" timestamp="08 Apr 2019 06:43:34 GMT" skipped="0">
  <testcase classname="com.test.PackageList" name="CreatePackageListAndVerifyUniqueIdentifier" time="1.234"/>
  <testcase classname="com.test.PackageList" name="VerifyTypeMagazineAndNonMagazine" time="0.441"/>
</testsuite> <!-- com.test.PackageList -->
